[2m2023-05-17 00:29:49.381[0;39m [32m- INFO[0;39m [35m15335[0;39m [2m---[0;39m [2m[           main][0;39m [36mc.e.b.BawarchiRestrauntApplication      [0;39m [2m:[0;39m Starting BawarchiRestrauntApplication using Java 17.0.6 with PID 15335 (/Users/gaurang/Development/Bawarchi/bawarchiRestaurant/target/classes started by gaurang in /Users/gaurang/Development/Bawarchi/bawarchiRestaurant)
-[2m2023-05-17 00:29:49.384[0;39m [32m- INFO[0;39m [35m15335[0;39m [2m---[0;39m [2m[           main][0;39m [36mc.e.b.BawarchiRestrauntApplication      [0;39m [2m:[0;39m No active profile set, falling back to 1 default profile: "default"
-[2m2023-05-17 00:29:49.674[0;39m [32m- INFO[0;39m [35m15335[0;39m [2m---[0;39m [2m[           main][0;39m [36m.s.d.r.c.RepositoryConfigurationDelegate[0;39m [2m:[0;39m Bootstrapping Spring Data JPA repositories in DEFAULT mode.
-[2m2023-05-17 00:29:49.706[0;39m [32m- INFO[0;39m [35m15335[0;39m [2m---[0;39m [2m[           main][0;39m [36m.s.d.r.c.RepositoryConfigurationDelegate[0;39m [2m:[0;39m Finished Spring Data repository scanning in 27 ms. Found 5 JPA repository interfaces.
-[2m2023-05-17 00:29:49.975[0;39m [32m- INFO[0;39m [35m15335[0;39m [2m---[0;39m [2m[           main][0;39m [36mo.s.b.w.embedded.tomcat.TomcatWebServer [0;39m [2m:[0;39m Tomcat initialized with port(s): 9191 (http)
-[2m2023-05-17 00:29:49.979[0;39m [32m- INFO[0;39m [35m15335[0;39m [2m---[0;39m [2m[           main][0;39m [36mo.apache.catalina.core.StandardService  [0;39m [2m:[0;39m Starting service [Tomcat]
-[2m2023-05-17 00:29:49.979[0;39m [32m- INFO[0;39m [35m15335[0;39m [2m---[0;39m [2m[           main][0;39m [36mo.apache.catalina.core.StandardEngine   [0;39m [2m:[0;39m Starting Servlet engine: [Apache Tomcat/10.1.8]
-[2m2023-05-17 00:29:50.024[0;39m [32m- INFO[0;39m [35m15335[0;39m [2m---[0;39m [2m[           main][0;39m [36mo.a.c.c.C.[Tomcat].[localhost].[/]      [0;39m [2m:[0;39m Initializing Spring embedded WebApplicationContext
-[2m2023-05-17 00:29:50.024[0;39m [32m- INFO[0;39m [35m15335[0;39m [2m---[0;39m [2m[           main][0;39m [36mw.s.c.ServletWebServerApplicationContext[0;39m [2m:[0;39m Root WebApplicationContext: initialization completed in 625 ms
-[2m2023-05-17 00:29:50.101[0;39m [32m- INFO[0;39m [35m15335[0;39m [2m---[0;39m [2m[           main][0;39m [36mo.hibernate.jpa.internal.util.LogHelper [0;39m [2m:[0;39m HHH000204: Processing PersistenceUnitInfo [name: default]
-[2m2023-05-17 00:29:50.129[0;39m [32m- INFO[0;39m [35m15335[0;39m [2m---[0;39m [2m[           main][0;39m [36morg.hibernate.Version                   [0;39m [2m:[0;39m HHH000412: Hibernate ORM core version 6.1.7.Final
-[2m2023-05-17 00:29:50.263[0;39m [32m- INFO[0;39m [35m15335[0;39m [2m---[0;39m [2m[           main][0;39m [36mcom.zaxxer.hikari.HikariDataSource      [0;39m [2m:[0;39m bawarchiRestaurant - Starting...
-[2m2023-05-17 00:29:50.369[0;39m [32m- INFO[0;39m [35m15335[0;39m [2m---[0;39m [2m[           main][0;39m [36mcom.zaxxer.hikari.pool.HikariPool       [0;39m [2m:[0;39m bawarchiRestaurant - Added connection com.mysql.cj.jdbc.ConnectionImpl@324e8baa
-[2m2023-05-17 00:29:50.370[0;39m [32m- INFO[0;39m [35m15335[0;39m [2m---[0;39m [2m[           main][0;39m [36mcom.zaxxer.hikari.HikariDataSource      [0;39m [2m:[0;39m bawarchiRestaurant - Start completed.
-[2m2023-05-17 00:29:50.403[0;39m [32m- INFO[0;39m [35m15335[0;39m [2m---[0;39m [2m[           main][0;39m [36mSQL dialect                             [0;39m [2m:[0;39m HHH000400: Using dialect: org.hibernate.dialect.MySQLDialect
-[2m2023-05-17 00:29:50.895[0;39m [32m- INFO[0;39m [35m15335[0;39m [2m---[0;39m [2m[           main][0;39m [36mo.h.e.t.j.p.i.JtaPlatformInitiator      [0;39m [2m:[0;39m HHH000490: Using JtaPlatform implementation: [org.hibernate.engine.transaction.jta.platform.internal.NoJtaPlatform]
-[2m2023-05-17 00:29:50.901[0;39m [32m- INFO[0;39m [35m15335[0;39m [2m---[0;39m [2m[           main][0;39m [36mj.LocalContainerEntityManagerFactoryBean[0;39m [2m:[0;39m Initialized JPA EntityManagerFactory for persistence unit 'default'
-[2m2023-05-17 00:29:51.686[0;39m [33m- WARN[0;39m [35m15335[0;39m [2m---[0;39m [2m[           main][0;39m [36mJpaBaseConfiguration$JpaWebConfiguration[0;39m [2m:[0;39m spring.jpa.open-in-view is enabled by default. Therefore, database queries may be performed during view rendering. Explicitly configure spring.jpa.open-in-view to disable this warning
-[2m2023-05-17 00:29:51.806[0;39m [32m- INFO[0;39m [35m15335[0;39m [2m---[0;39m [2m[           main][0;39m [36mo.s.s.web.DefaultSecurityFilterChain    [0;39m [2m:[0;39m Will secure any request with [org.springframework.security.web.session.DisableEncodeUrlFilter@19439ec4, org.springframework.security.web.context.request.async.WebAsyncManagerIntegrationFilter@6f53f5a4, org.springframework.security.web.context.SecurityContextHolderFilter@4e22dadb, org.springframework.security.web.header.HeaderWriterFilter@2f0b5d79, org.springframework.web.filter.CorsFilter@21ebf9be, org.springframework.security.web.authentication.logout.LogoutFilter@17d837ab, org.springframework.security.oauth2.server.resource.web.authentication.BearerTokenAuthenticationFilter@1c0a4f87, org.springframework.security.web.savedrequest.RequestCacheAwareFilter@1a916120, org.springframework.security.web.servletapi.SecurityContextHolderAwareRequestFilter@2d91147b, org.springframework.security.web.authentication.AnonymousAuthenticationFilter@7d50b4c4, org.springframework.security.web.session.SessionManagementFilter@18419ab7, org.springframework.security.web.access.ExceptionTranslationFilter@1a0e5c0c, org.springframework.security.web.access.intercept.AuthorizationFilter@35d4fecf]
-[2m2023-05-17 00:29:51.912[0;39m [32m- INFO[0;39m [35m15335[0;39m [2m---[0;39m [2m[           main][0;39m [36mo.s.b.w.embedded.tomcat.TomcatWebServer [0;39m [2m:[0;39m Tomcat started on port(s): 9191 (http) with context path ''
-[2m2023-05-17 00:29:51.917[0;39m [32m- INFO[0;39m [35m15335[0;39m [2m---[0;39m [2m[           main][0;39m [36mc.e.b.BawarchiRestrauntApplication      [0;39m [2m:[0;39m Started BawarchiRestrauntApplication in 2.823 seconds (process running for 3.185)
-[2m2023-05-17 00:31:14.541[0;39m [32m- INFO[0;39m [35m15335[0;39m [2m---[0;39m [2m[ionShutdownHook][0;39m [36mj.LocalContainerEntityManagerFactoryBean[0;39m [2m:[0;39m Closing JPA EntityManagerFactory for persistence unit 'default'
-[2m2023-05-17 00:31:14.543[0;39m [32m- INFO[0;39m [35m15335[0;39m [2m---[0;39m [2m[ionShutdownHook][0;39m [36mcom.zaxxer.hikari.HikariDataSource      [0;39m [2m:[0;39m bawarchiRestaurant - Shutdown initiated...
-[2m2023-05-17 00:31:14.547[0;39m [32m- INFO[0;39m [35m15335[0;39m [2m---[0;39m [2m[ionShutdownHook][0;39m [36mcom.zaxxer.hikari.HikariDataSource      [0;39m [2m:[0;39m bawarchiRestaurant - Shutdown completed.
-[2m2023-05-17 00:31:47.236[0;39m [32m- INFO[0;39m [35m15763[0;39m [2m---[0;39m [2m[           main][0;39m [36mc.e.b.BawarchiRestrauntApplication      [0;39m [2m:[0;39m Starting BawarchiRestrauntApplication using Java 17.0.6 with PID 15763 (/Users/gaurang/Development/Bawarchi/bawarchiRestaurant/target/classes started by gaurang in /Users/gaurang/Development/Bawarchi/bawarchiRestaurant)
-[2m2023-05-17 00:31:47.238[0;39m [32m- INFO[0;39m [35m15763[0;39m [2m---[0;39m [2m[           main][0;39m [36mc.e.b.BawarchiRestrauntApplication      [0;39m [2m:[0;39m No active profile set, falling back to 1 default profile: "default"
-[2m2023-05-17 00:31:47.505[0;39m [32m- INFO[0;39m [35m15763[0;39m [2m---[0;39m [2m[           main][0;39m [36m.s.d.r.c.RepositoryConfigurationDelegate[0;39m [2m:[0;39m Bootstrapping Spring Data JPA repositories in DEFAULT mode.
-[2m2023-05-17 00:31:47.535[0;39m [32m- INFO[0;39m [35m15763[0;39m [2m---[0;39m [2m[           main][0;39m [36m.s.d.r.c.RepositoryConfigurationDelegate[0;39m [2m:[0;39m Finished Spring Data repository scanning in 26 ms. Found 5 JPA repository interfaces.
-[2m2023-05-17 00:31:47.779[0;39m [32m- INFO[0;39m [35m15763[0;39m [2m---[0;39m [2m[           main][0;39m [36mo.s.b.w.embedded.tomcat.TomcatWebServer [0;39m [2m:[0;39m Tomcat initialized with port(s): 9191 (http)
-[2m2023-05-17 00:31:47.783[0;39m [32m- INFO[0;39m [35m15763[0;39m [2m---[0;39m [2m[           main][0;39m [36mo.apache.catalina.core.StandardService  [0;39m [2m:[0;39m Starting service [Tomcat]
-[2m2023-05-17 00:31:47.784[0;39m [32m- INFO[0;39m [35m15763[0;39m [2m---[0;39m [2m[           main][0;39m [36mo.apache.catalina.core.StandardEngine   [0;39m [2m:[0;39m Starting Servlet engine: [Apache Tomcat/10.1.8]
-[2m2023-05-17 00:31:47.816[0;39m [32m- INFO[0;39m [35m15763[0;39m [2m---[0;39m [2m[           main][0;39m [36mo.a.c.c.C.[Tomcat].[localhost].[/]      [0;39m [2m:[0;39m Initializing Spring embedded WebApplicationContext
-[2m2023-05-17 00:31:47.817[0;39m [32m- INFO[0;39m [35m15763[0;39m [2m---[0;39m [2m[           main][0;39m [36mw.s.c.ServletWebServerApplicationContext[0;39m [2m:[0;39m Root WebApplicationContext: initialization completed in 563 ms
-[2m2023-05-17 00:31:47.873[0;39m [32m- INFO[0;39m [35m15763[0;39m [2m---[0;39m [2m[           main][0;39m [36mo.hibernate.jpa.internal.util.LogHelper [0;39m [2m:[0;39m HHH000204: Processing PersistenceUnitInfo [name: default]
-[2m2023-05-17 00:31:47.893[0;39m [32m- INFO[0;39m [35m15763[0;39m [2m---[0;39m [2m[           main][0;39m [36morg.hibernate.Version                   [0;39m [2m:[0;39m HHH000412: Hibernate ORM core version 6.1.7.Final
-[2m2023-05-17 00:31:47.994[0;39m [32m- INFO[0;39m [35m15763[0;39m [2m---[0;39m [2m[           main][0;39m [36mcom.zaxxer.hikari.HikariDataSource      [0;39m [2m:[0;39m bawarchiRestaurant - Starting...
-[2m2023-05-17 00:31:48.075[0;39m [32m- INFO[0;39m [35m15763[0;39m [2m---[0;39m [2m[           main][0;39m [36mcom.zaxxer.hikari.pool.HikariPool       [0;39m [2m:[0;39m bawarchiRestaurant - Added connection com.mysql.cj.jdbc.ConnectionImpl@c82d925
-[2m2023-05-17 00:31:48.076[0;39m [32m- INFO[0;39m [35m15763[0;39m [2m---[0;39m [2m[           main][0;39m [36mcom.zaxxer.hikari.HikariDataSource      [0;39m [2m:[0;39m bawarchiRestaurant - Start completed.
-[2m2023-05-17 00:31:48.103[0;39m [32m- INFO[0;39m [35m15763[0;39m [2m---[0;39m [2m[           main][0;39m [36mSQL dialect                             [0;39m [2m:[0;39m HHH000400: Using dialect: org.hibernate.dialect.MySQLDialect
-[2m2023-05-17 00:31:48.510[0;39m [32m- INFO[0;39m [35m15763[0;39m [2m---[0;39m [2m[           main][0;39m [36mo.h.e.t.j.p.i.JtaPlatformInitiator      [0;39m [2m:[0;39m HHH000490: Using JtaPlatform implementation: [org.hibernate.engine.transaction.jta.platform.internal.NoJtaPlatform]
-[2m2023-05-17 00:31:48.514[0;39m [32m- INFO[0;39m [35m15763[0;39m [2m---[0;39m [2m[           main][0;39m [36mj.LocalContainerEntityManagerFactoryBean[0;39m [2m:[0;39m Initialized JPA EntityManagerFactory for persistence unit 'default'
-[2m2023-05-17 00:31:49.188[0;39m [33m- WARN[0;39m [35m15763[0;39m [2m---[0;39m [2m[           main][0;39m [36mJpaBaseConfiguration$JpaWebConfiguration[0;39m [2m:[0;39m spring.jpa.open-in-view is enabled by default. Therefore, database queries may be performed during view rendering. Explicitly configure spring.jpa.open-in-view to disable this warning
-[2m2023-05-17 00:31:49.293[0;39m [32m- INFO[0;39m [35m15763[0;39m [2m---[0;39m [2m[           main][0;39m [36mo.s.s.web.DefaultSecurityFilterChain    [0;39m [2m:[0;39m Will secure any request with [org.springframework.security.web.session.DisableEncodeUrlFilter@6ad4ef13, org.springframework.security.web.context.request.async.WebAsyncManagerIntegrationFilter@29280ca6, org.springframework.security.web.context.SecurityContextHolderFilter@23c61c1b, org.springframework.security.web.header.HeaderWriterFilter@738ae785, org.springframework.web.filter.CorsFilter@7c7a4986, org.springframework.security.web.authentication.logout.LogoutFilter@8dd0c70, org.springframework.security.oauth2.server.resource.web.authentication.BearerTokenAuthenticationFilter@3b3dc752, org.springframework.security.web.savedrequest.RequestCacheAwareFilter@773cc551, org.springframework.security.web.servletapi.SecurityContextHolderAwareRequestFilter@7f5c4ff8, org.springframework.security.web.authentication.AnonymousAuthenticationFilter@32d3b965, org.springframework.security.web.session.SessionManagementFilter@c0cb9c2, org.springframework.security.web.access.ExceptionTranslationFilter@5bed8b91, org.springframework.security.web.access.intercept.AuthorizationFilter@2d91147b]
-[2m2023-05-17 00:31:49.391[0;39m [32m- INFO[0;39m [35m15763[0;39m [2m---[0;39m [2m[           main][0;39m [36mo.s.b.w.embedded.tomcat.TomcatWebServer [0;39m [2m:[0;39m Tomcat started on port(s): 9191 (http) with context path ''
-[2m2023-05-17 00:31:49.396[0;39m [32m- INFO[0;39m [35m15763[0;39m [2m---[0;39m [2m[           main][0;39m [36mc.e.b.BawarchiRestrauntApplication      [0;39m [2m:[0;39m Started BawarchiRestrauntApplication in 2.459 seconds (process running for 2.668)
-[2m2023-05-17 00:37:10.246[0;39m [32m- INFO[0;39m [35m15763[0;39m [2m---[0;39m [2m[nio-9191-exec-1][0;39m [36mo.a.c.c.C.[Tomcat].[localhost].[/]      [0;39m [2m:[0;39m Initializing Spring DispatcherServlet 'dispatcherServlet'
-[2m2023-05-17 00:37:10.246[0;39m [32m- INFO[0;39m [35m15763[0;39m [2m---[0;39m [2m[nio-9191-exec-1][0;39m [36mo.s.web.servlet.DispatcherServlet       [0;39m [2m:[0;39m Initializing Servlet 'dispatcherServlet'
-[2m2023-05-17 00:37:10.249[0;39m [32m- INFO[0;39m [35m15763[0;39m [2m---[0;39m [2m[nio-9191-exec-1][0;39m [36mo.s.web.servlet.DispatcherServlet       [0;39m [2m:[0;39m Completed initialization in 3 ms
-[2m2023-05-17 00:37:10.272[0;39m [32m- INFO[0;39m [35m15763[0;39m [2m---[0;39m [2m[nio-9191-exec-1][0;39m [36mc.e.b.C.RestaurantLoginController       [0;39m [2m:[0;39m fetch all Restaurant list for foodcourt API hit
-[2m2023-05-17 00:37:10.355[0;39m [32m- INFO[0;39m [35m15763[0;39m [2m---[0;39m [2m[nio-9191-exec-2][0;39m [36mc.e.b.C.RestaurantLoginController       [0;39m [2m:[0;39m fetch all Restaurant list for foodcourt API hit
-[2m2023-05-17 00:37:15.016[0;39m [32m- INFO[0;39m [35m15763[0;39m [2m---[0;39m [2m[nio-9191-exec-3][0;39m [36mc.e.b.C.RestaurantLoginController       [0;39m [2m:[0;39m fetch all Restaurant list for foodcourt API hit
-[2m2023-05-17 00:37:34.483[0;39m [32m- INFO[0;39m [35m15763[0;39m [2m---[0;39m [2m[nio-9191-exec-4][0;39m [36mc.e.b.C.RestaurantLoginController       [0;39m [2m:[0;39m add Restaurant API hit
-[2m2023-05-17 00:37:34.647[0;39m [32m- INFO[0;39m [35m15763[0;39m [2m---[0;39m [2m[nio-9191-exec-5][0;39m [36mc.e.b.C.RestaurantLoginController       [0;39m [2m:[0;39m fetch all Restaurant list for foodcourt API hit
-[2m2023-05-17 00:37:41.747[0;39m [32m- INFO[0;39m [35m15763[0;39m [2m---[0;39m [2m[nio-9191-exec-6][0;39m [36mc.e.b.C.RestaurantLoginController       [0;39m [2m:[0;39m fetch all Restaurant list for foodcourt API hit
-[2m2023-05-17 00:37:59.983[0;39m [32m- INFO[0;39m [35m15763[0;39m [2m---[0;39m [2m[nio-9191-exec-7][0;39m [36mc.e.b.C.RestaurantLoginController       [0;39m [2m:[0;39m add Restaurant API hit
-[2m2023-05-17 00:38:00.134[0;39m [32m- INFO[0;39m [35m15763[0;39m [2m---[0;39m [2m[nio-9191-exec-8][0;39m [36mc.e.b.C.RestaurantLoginController       [0;39m [2m:[0;39m fetch all Restaurant list for foodcourt API hit
-[2m2023-05-17 00:38:14.359[0;39m [32m- INFO[0;39m [35m15763[0;39m [2m---[0;39m [2m[io-9191-exec-10][0;39m [36mc.e.b.C.RestaurantLoginController       [0;39m [2m:[0;39m Login API hit at restaurant side
-[2m2023-05-17 00:38:14.617[0;39m [32m- INFO[0;39m [35m15763[0;39m [2m---[0;39m [2m[nio-9191-exec-6][0;39m [36mc.e.b.Controller.RestaurantController   [0;39m [2m:[0;39m fetch pending orders for Restaurant API hit
-[2m2023-05-17 00:38:14.617[0;39m [32m- INFO[0;39m [35m15763[0;39m [2m---[0;39m [2m[nio-9191-exec-5][0;39m [36mc.e.b.Controller.RestaurantController   [0;39m [2m:[0;39m Fetch Dish List api hit for a Restaurant
-[2m2023-05-17 00:38:14.641[0;39m [32m- INFO[0;39m [35m15763[0;39m [2m---[0;39m [2m[nio-9191-exec-7][0;39m [36mc.e.b.Controller.RestaurantController   [0;39m [2m:[0;39m fetch pending orders for Restaurant API hit
-[2m2023-05-17 00:38:14.641[0;39m [32m- INFO[0;39m [35m15763[0;39m [2m---[0;39m [2m[nio-9191-exec-8][0;39m [36mc.e.b.Controller.RestaurantController   [0;39m [2m:[0;39m Fetch Dish List api hit for a Restaurant
-[2m2023-05-17 00:38:19.867[0;39m [32m- INFO[0;39m [35m15763[0;39m [2m---[0;39m [2m[io-9191-exec-10][0;39m [36mc.e.b.Controller.RestaurantController   [0;39m [2m:[0;39m fetch pending orders for Restaurant API hit
-[2m2023-05-17 00:38:19.867[0;39m [32m- INFO[0;39m [35m15763[0;39m [2m---[0;39m [2m[nio-9191-exec-9][0;39m [36mc.e.b.Controller.RestaurantController   [0;39m [2m:[0;39m Fetch Dish List api hit for a Restaurant
-[2m2023-05-17 00:38:34.144[0;39m [32m- INFO[0;39m [35m15763[0;39m [2m---[0;39m [2m[nio-9191-exec-2][0;39m [36mc.e.b.Controller.RestaurantController   [0;39m [2m:[0;39m add Dish API hit
-[2m2023-05-17 00:38:34.241[0;39m [32m- INFO[0;39m [35m15763[0;39m [2m---[0;39m [2m[nio-9191-exec-3][0;39m [36mc.e.b.Controller.RestaurantController   [0;39m [2m:[0;39m Fetch Dish List api hit for a Restaurant
-[2m2023-05-17 00:38:34.242[0;39m [32m- INFO[0;39m [35m15763[0;39m [2m---[0;39m [2m[nio-9191-exec-4][0;39m [36mc.e.b.Controller.RestaurantController   [0;39m [2m:[0;39m fetch pending orders for Restaurant API hit
-[2m2023-05-17 00:38:36.245[0;39m [32m- INFO[0;39m [35m15763[0;39m [2m---[0;39m [2m[nio-9191-exec-5][0;39m [36mc.e.b.Controller.RestaurantController   [0;39m [2m:[0;39m Fetch Dish List api hit for a Restaurant
-[2m2023-05-17 00:38:36.245[0;39m [32m- INFO[0;39m [35m15763[0;39m [2m---[0;39m [2m[nio-9191-exec-6][0;39m [36mc.e.b.Controller.RestaurantController   [0;39m [2m:[0;39m fetch pending orders for Restaurant API hit
-[2m2023-05-17 00:39:05.747[0;39m [32m- INFO[0;39m [35m15763[0;39m [2m---[0;39m [2m[nio-9191-exec-8][0;39m [36mc.e.b.Controller.RestaurantController   [0;39m [2m:[0;39m add Dish API hit
-[2m2023-05-17 00:39:05.807[0;39m [32m- INFO[0;39m [35m15763[0;39m [2m---[0;39m [2m[io-9191-exec-10][0;39m [36mc.e.b.Controller.RestaurantController   [0;39m [2m:[0;39m fetch pending orders for Restaurant API hit
-[2m2023-05-17 00:39:05.807[0;39m [32m- INFO[0;39m [35m15763[0;39m [2m---[0;39m [2m[nio-9191-exec-9][0;39m [36mc.e.b.Controller.RestaurantController   [0;39m [2m:[0;39m Fetch Dish List api hit for a Restaurant
-[2m2023-05-17 00:39:20.533[0;39m [32m- INFO[0;39m [35m15763[0;39m [2m---[0;39m [2m[nio-9191-exec-4][0;39m [36mc.e.b.Controller.RestaurantController   [0;39m [2m:[0;39m fetch pending orders for Restaurant API hit
-[2m2023-05-17 00:39:20.533[0;39m [32m- INFO[0;39m [35m15763[0;39m [2m---[0;39m [2m[nio-9191-exec-3][0;39m [36mc.e.b.Controller.RestaurantController   [0;39m [2m:[0;39m Fetch Dish List api hit for a Restaurant
-[2m2023-05-17 00:39:25.453[0;39m [32m- INFO[0;39m [35m15763[0;39m [2m---[0;39m [2m[nio-9191-exec-6][0;39m [36mc.e.b.Controller.RestaurantController   [0;39m [2m:[0;39m fetch pending orders for Restaurant API hit
-[2m2023-05-17 00:39:25.453[0;39m [32m- INFO[0;39m [35m15763[0;39m [2m---[0;39m [2m[nio-9191-exec-5][0;39m [36mc.e.b.Controller.RestaurantController   [0;39m [2m:[0;39m Fetch Dish List api hit for a Restaurant
-[2m2023-05-17 00:39:28.381[0;39m [32m- INFO[0;39m [35m15763[0;39m [2m---[0;39m [2m[nio-9191-exec-7][0;39m [36mc.e.b.Controller.RestaurantController   [0;39m [2m:[0;39m Fetch Dish List api hit for a Restaurant
-[2m2023-05-17 00:39:28.384[0;39m [32m- INFO[0;39m [35m15763[0;39m [2m---[0;39m [2m[nio-9191-exec-8][0;39m [36mc.e.b.Controller.RestaurantController   [0;39m [2m:[0;39m fetch pending orders for Restaurant API hit
-[2m2023-05-17 00:39:32.992[0;39m [32m- INFO[0;39m [35m15763[0;39m [2m---[0;39m [2m[io-9191-exec-10][0;39m [36mc.e.b.Controller.RestaurantController   [0;39m [2m:[0;39m Fetch Dish List api hit for a Restaurant
-[2m2023-05-17 00:39:32.992[0;39m [32m- INFO[0;39m [35m15763[0;39m [2m---[0;39m [2m[nio-9191-exec-9][0;39m [36mc.e.b.Controller.RestaurantController   [0;39m [2m:[0;39m fetch pending orders for Restaurant API hit
-[2m2023-05-17 00:40:12.278[0;39m [32m- INFO[0;39m [35m15763[0;39m [2m---[0;39m [2m[nio-9191-exec-1][0;39m [36mc.e.b.C.RestaurantLoginController       [0;39m [2m:[0;39m Login API hit at restaurant side
-[2m2023-05-17 00:40:12.435[0;39m [32m- INFO[0;39m [35m15763[0;39m [2m---[0;39m [2m[nio-9191-exec-5][0;39m [36mc.e.b.Controller.RestaurantController   [0;39m [2m:[0;39m Fetch Dish List api hit for a Restaurant
-[2m2023-05-17 00:40:12.435[0;39m [32m- INFO[0;39m [35m15763[0;39m [2m---[0;39m [2m[nio-9191-exec-7][0;39m [36mc.e.b.Controller.RestaurantController   [0;39m [2m:[0;39m fetch pending orders for Restaurant API hit
-[2m2023-05-17 00:40:12.458[0;39m [32m- INFO[0;39m [35m15763[0;39m [2m---[0;39m [2m[nio-9191-exec-8][0;39m [36mc.e.b.Controller.RestaurantController   [0;39m [2m:[0;39m Fetch Dish List api hit for a Restaurant
-[2m2023-05-17 00:40:12.458[0;39m [32m- INFO[0;39m [35m15763[0;39m [2m---[0;39m [2m[io-9191-exec-10][0;39m [36mc.e.b.Controller.RestaurantController   [0;39m [2m:[0;39m fetch pending orders for Restaurant API hit
-[2m2023-05-17 00:40:16.070[0;39m [32m- INFO[0;39m [35m15763[0;39m [2m---[0;39m [2m[nio-9191-exec-9][0;39m [36mc.e.b.Controller.RestaurantController   [0;39m [2m:[0;39m Fetch Dish List api hit for a Restaurant
-[2m2023-05-17 00:40:16.074[0;39m [32m- INFO[0;39m [35m15763[0;39m [2m---[0;39m [2m[nio-9191-exec-1][0;39m [36mc.e.b.Controller.RestaurantController   [0;39m [2m:[0;39m fetch pending orders for Restaurant API hit
-[2m2023-05-17 00:40:48.406[0;39m [32m- INFO[0;39m [35m15763[0;39m [2m---[0;39m [2m[nio-9191-exec-4][0;39m [36mc.e.b.Controller.RestaurantController   [0;39m [2m:[0;39m add Dish API hit
-[2m2023-05-17 00:40:48.478[0;39m [32m- INFO[0;39m [35m15763[0;39m [2m---[0;39m [2m[nio-9191-exec-6][0;39m [36mc.e.b.Controller.RestaurantController   [0;39m [2m:[0;39m fetch pending orders for Restaurant API hit
-[2m2023-05-17 00:40:48.480[0;39m [32m- INFO[0;39m [35m15763[0;39m [2m---[0;39m [2m[nio-9191-exec-3][0;39m [36mc.e.b.Controller.RestaurantController   [0;39m [2m:[0;39m Fetch Dish List api hit for a Restaurant
-[2m2023-05-17 00:43:27.415[0;39m [32m- INFO[0;39m [35m15763[0;39m [2m---[0;39m [2m[ionShutdownHook][0;39m [36mj.LocalContainerEntityManagerFactoryBean[0;39m [2m:[0;39m Closing JPA EntityManagerFactory for persistence unit 'default'
-[2m2023-05-17 00:43:27.417[0;39m [32m- INFO[0;39m [35m15763[0;39m [2m---[0;39m [2m[ionShutdownHook][0;39m [36mcom.zaxxer.hikari.HikariDataSource      [0;39m [2m:[0;39m bawarchiRestaurant - Shutdown initiated...
-[2m2023-05-17 00:43:27.420[0;39m [32m- INFO[0;39m [35m15763[0;39m [2m---[0;39m [2m[ionShutdownHook][0;39m [36mcom.zaxxer.hikari.HikariDataSource      [0;39m [2m:[0;39m bawarchiRestaurant - Shutdown completed.
-