[2m2023-05-17 00:29:51.188[0;39m [32m- INFO[0;39m [35m15341[0;39m [2m---[0;39m [2m[           main][0;39m [36mc.e.b.BawarchiFoodCourtApplication      [0;39m [2m:[0;39m Starting BawarchiFoodCourtApplication using Java 17.0.6 with PID 15341 (/Users/gaurang/Development/Bawarchi/bawarchiFoodCourt/target/classes started by gaurang in /Users/gaurang/Development/Bawarchi/bawarchiFoodCourt)
-[2m2023-05-17 00:29:51.192[0;39m [32m- INFO[0;39m [35m15341[0;39m [2m---[0;39m [2m[           main][0;39m [36mc.e.b.BawarchiFoodCourtApplication      [0;39m [2m:[0;39m No active profile set, falling back to 1 default profile: "default"
-[2m2023-05-17 00:29:51.437[0;39m [32m- INFO[0;39m [35m15341[0;39m [2m---[0;39m [2m[           main][0;39m [36m.s.d.r.c.RepositoryConfigurationDelegate[0;39m [2m:[0;39m Bootstrapping Spring Data JPA repositories in DEFAULT mode.
-[2m2023-05-17 00:29:51.463[0;39m [32m- INFO[0;39m [35m15341[0;39m [2m---[0;39m [2m[           main][0;39m [36m.s.d.r.c.RepositoryConfigurationDelegate[0;39m [2m:[0;39m Finished Spring Data repository scanning in 23 ms. Found 3 JPA repository interfaces.
-[2m2023-05-17 00:29:51.684[0;39m [32m- INFO[0;39m [35m15341[0;39m [2m---[0;39m [2m[           main][0;39m [36mo.s.b.w.embedded.tomcat.TomcatWebServer [0;39m [2m:[0;39m Tomcat initialized with port(s): 9190 (http)
-[2m2023-05-17 00:29:51.689[0;39m [32m- INFO[0;39m [35m15341[0;39m [2m---[0;39m [2m[           main][0;39m [36mo.apache.catalina.core.StandardService  [0;39m [2m:[0;39m Starting service [Tomcat]
-[2m2023-05-17 00:29:51.689[0;39m [32m- INFO[0;39m [35m15341[0;39m [2m---[0;39m [2m[           main][0;39m [36mo.apache.catalina.core.StandardEngine   [0;39m [2m:[0;39m Starting Servlet engine: [Apache Tomcat/10.1.8]
-[2m2023-05-17 00:29:51.725[0;39m [32m- INFO[0;39m [35m15341[0;39m [2m---[0;39m [2m[           main][0;39m [36mo.a.c.c.C.[Tomcat].[localhost].[/]      [0;39m [2m:[0;39m Initializing Spring embedded WebApplicationContext
-[2m2023-05-17 00:29:51.725[0;39m [32m- INFO[0;39m [35m15341[0;39m [2m---[0;39m [2m[           main][0;39m [36mw.s.c.ServletWebServerApplicationContext[0;39m [2m:[0;39m Root WebApplicationContext: initialization completed in 517 ms
-[2m2023-05-17 00:29:51.788[0;39m [32m- INFO[0;39m [35m15341[0;39m [2m---[0;39m [2m[           main][0;39m [36mo.hibernate.jpa.internal.util.LogHelper [0;39m [2m:[0;39m HHH000204: Processing PersistenceUnitInfo [name: default]
-[2m2023-05-17 00:29:51.805[0;39m [32m- INFO[0;39m [35m15341[0;39m [2m---[0;39m [2m[           main][0;39m [36morg.hibernate.Version                   [0;39m [2m:[0;39m HHH000412: Hibernate ORM core version 6.1.7.Final
-[2m2023-05-17 00:29:51.918[0;39m [32m- INFO[0;39m [35m15341[0;39m [2m---[0;39m [2m[           main][0;39m [36mcom.zaxxer.hikari.HikariDataSource      [0;39m [2m:[0;39m bawarchiFoodCourt - Starting...
-[2m2023-05-17 00:29:51.996[0;39m [32m- INFO[0;39m [35m15341[0;39m [2m---[0;39m [2m[           main][0;39m [36mcom.zaxxer.hikari.pool.HikariPool       [0;39m [2m:[0;39m bawarchiFoodCourt - Added connection com.mysql.cj.jdbc.ConnectionImpl@154864f8
-[2m2023-05-17 00:29:51.997[0;39m [32m- INFO[0;39m [35m15341[0;39m [2m---[0;39m [2m[           main][0;39m [36mcom.zaxxer.hikari.HikariDataSource      [0;39m [2m:[0;39m bawarchiFoodCourt - Start completed.
-[2m2023-05-17 00:29:52.026[0;39m [32m- INFO[0;39m [35m15341[0;39m [2m---[0;39m [2m[           main][0;39m [36mSQL dialect                             [0;39m [2m:[0;39m HHH000400: Using dialect: org.hibernate.dialect.MySQLDialect
-[2m2023-05-17 00:29:52.351[0;39m [32m- INFO[0;39m [35m15341[0;39m [2m---[0;39m [2m[           main][0;39m [36mo.h.e.t.j.p.i.JtaPlatformInitiator      [0;39m [2m:[0;39m HHH000490: Using JtaPlatform implementation: [org.hibernate.engine.transaction.jta.platform.internal.NoJtaPlatform]
-[2m2023-05-17 00:29:52.355[0;39m [32m- INFO[0;39m [35m15341[0;39m [2m---[0;39m [2m[           main][0;39m [36mj.LocalContainerEntityManagerFactoryBean[0;39m [2m:[0;39m Initialized JPA EntityManagerFactory for persistence unit 'default'
-[2m2023-05-17 00:29:53.239[0;39m [33m- WARN[0;39m [35m15341[0;39m [2m---[0;39m [2m[           main][0;39m [36mJpaBaseConfiguration$JpaWebConfiguration[0;39m [2m:[0;39m spring.jpa.open-in-view is enabled by default. Therefore, database queries may be performed during view rendering. Explicitly configure spring.jpa.open-in-view to disable this warning
-[2m2023-05-17 00:29:53.344[0;39m [32m- INFO[0;39m [35m15341[0;39m [2m---[0;39m [2m[           main][0;39m [36mo.s.s.web.DefaultSecurityFilterChain    [0;39m [2m:[0;39m Will secure any request with [org.springframework.security.web.session.DisableEncodeUrlFilter@35b38986, org.springframework.security.web.context.request.async.WebAsyncManagerIntegrationFilter@1c000c2f, org.springframework.security.web.context.SecurityContextHolderFilter@7a3f3bc4, org.springframework.security.web.header.HeaderWriterFilter@5b5d6f9c, org.springframework.web.filter.CorsFilter@2c7ac998, org.springframework.security.web.authentication.logout.LogoutFilter@c2dab10, org.springframework.security.oauth2.server.resource.web.authentication.BearerTokenAuthenticationFilter@6e6bd43b, org.springframework.security.web.savedrequest.RequestCacheAwareFilter@1a3611b1, org.springframework.security.web.servletapi.SecurityContextHolderAwareRequestFilter@91c11b6, org.springframework.security.web.authentication.AnonymousAuthenticationFilter@7f6936cc, org.springframework.security.web.session.SessionManagementFilter@3c39c739, org.springframework.security.web.access.ExceptionTranslationFilter@6e70861, org.springframework.security.web.access.intercept.AuthorizationFilter@220d7eb7]
-[2m2023-05-17 00:29:53.430[0;39m [32m- INFO[0;39m [35m15341[0;39m [2m---[0;39m [2m[           main][0;39m [36mo.s.b.w.embedded.tomcat.TomcatWebServer [0;39m [2m:[0;39m Tomcat started on port(s): 9190 (http) with context path ''
-[2m2023-05-17 00:29:53.435[0;39m [32m- INFO[0;39m [35m15341[0;39m [2m---[0;39m [2m[           main][0;39m [36mc.e.b.BawarchiFoodCourtApplication      [0;39m [2m:[0;39m Started BawarchiFoodCourtApplication in 2.552 seconds (process running for 2.769)
-[2m2023-05-17 00:30:44.212[0;39m [32m- INFO[0;39m [35m15341[0;39m [2m---[0;39m [2m[nio-9190-exec-1][0;39m [36mo.a.c.c.C.[Tomcat].[localhost].[/]      [0;39m [2m:[0;39m Initializing Spring DispatcherServlet 'dispatcherServlet'
-[2m2023-05-17 00:30:44.212[0;39m [32m- INFO[0;39m [35m15341[0;39m [2m---[0;39m [2m[nio-9190-exec-1][0;39m [36mo.s.web.servlet.DispatcherServlet       [0;39m [2m:[0;39m Initializing Servlet 'dispatcherServlet'
-[2m2023-05-17 00:30:44.213[0;39m [32m- INFO[0;39m [35m15341[0;39m [2m---[0;39m [2m[nio-9190-exec-1][0;39m [36mo.s.web.servlet.DispatcherServlet       [0;39m [2m:[0;39m Completed initialization in 1 ms
-[2m2023-05-17 00:31:12.000[0;39m [32m- INFO[0;39m [35m15341[0;39m [2m---[0;39m [2m[ionShutdownHook][0;39m [36mj.LocalContainerEntityManagerFactoryBean[0;39m [2m:[0;39m Closing JPA EntityManagerFactory for persistence unit 'default'
-[2m2023-05-17 00:31:12.003[0;39m [32m- INFO[0;39m [35m15341[0;39m [2m---[0;39m [2m[ionShutdownHook][0;39m [36mcom.zaxxer.hikari.HikariDataSource      [0;39m [2m:[0;39m bawarchiFoodCourt - Shutdown initiated...
-[2m2023-05-17 00:31:12.008[0;39m [32m- INFO[0;39m [35m15341[0;39m [2m---[0;39m [2m[ionShutdownHook][0;39m [36mcom.zaxxer.hikari.HikariDataSource      [0;39m [2m:[0;39m bawarchiFoodCourt - Shutdown completed.
-[2m2023-05-17 00:31:50.907[0;39m [32m- INFO[0;39m [35m15774[0;39m [2m---[0;39m [2m[           main][0;39m [36mc.e.b.BawarchiFoodCourtApplication      [0;39m [2m:[0;39m Starting BawarchiFoodCourtApplication using Java 17.0.6 with PID 15774 (/Users/gaurang/Development/Bawarchi/bawarchiFoodCourt/target/classes started by gaurang in /Users/gaurang/Development/Bawarchi/bawarchiFoodCourt)
-[2m2023-05-17 00:31:50.909[0;39m [32m- INFO[0;39m [35m15774[0;39m [2m---[0;39m [2m[           main][0;39m [36mc.e.b.BawarchiFoodCourtApplication      [0;39m [2m:[0;39m No active profile set, falling back to 1 default profile: "default"
-[2m2023-05-17 00:31:51.140[0;39m [32m- INFO[0;39m [35m15774[0;39m [2m---[0;39m [2m[           main][0;39m [36m.s.d.r.c.RepositoryConfigurationDelegate[0;39m [2m:[0;39m Bootstrapping Spring Data JPA repositories in DEFAULT mode.
-[2m2023-05-17 00:31:51.166[0;39m [32m- INFO[0;39m [35m15774[0;39m [2m---[0;39m [2m[           main][0;39m [36m.s.d.r.c.RepositoryConfigurationDelegate[0;39m [2m:[0;39m Finished Spring Data repository scanning in 22 ms. Found 3 JPA repository interfaces.
-[2m2023-05-17 00:31:51.369[0;39m [32m- INFO[0;39m [35m15774[0;39m [2m---[0;39m [2m[           main][0;39m [36mo.s.b.w.embedded.tomcat.TomcatWebServer [0;39m [2m:[0;39m Tomcat initialized with port(s): 9190 (http)
-[2m2023-05-17 00:31:51.372[0;39m [32m- INFO[0;39m [35m15774[0;39m [2m---[0;39m [2m[           main][0;39m [36mo.apache.catalina.core.StandardService  [0;39m [2m:[0;39m Starting service [Tomcat]
-[2m2023-05-17 00:31:51.373[0;39m [32m- INFO[0;39m [35m15774[0;39m [2m---[0;39m [2m[           main][0;39m [36mo.apache.catalina.core.StandardEngine   [0;39m [2m:[0;39m Starting Servlet engine: [Apache Tomcat/10.1.8]
-[2m2023-05-17 00:31:51.405[0;39m [32m- INFO[0;39m [35m15774[0;39m [2m---[0;39m [2m[           main][0;39m [36mo.a.c.c.C.[Tomcat].[localhost].[/]      [0;39m [2m:[0;39m Initializing Spring embedded WebApplicationContext
-[2m2023-05-17 00:31:51.405[0;39m [32m- INFO[0;39m [35m15774[0;39m [2m---[0;39m [2m[           main][0;39m [36mw.s.c.ServletWebServerApplicationContext[0;39m [2m:[0;39m Root WebApplicationContext: initialization completed in 483 ms
-[2m2023-05-17 00:31:51.461[0;39m [32m- INFO[0;39m [35m15774[0;39m [2m---[0;39m [2m[           main][0;39m [36mo.hibernate.jpa.internal.util.LogHelper [0;39m [2m:[0;39m HHH000204: Processing PersistenceUnitInfo [name: default]
-[2m2023-05-17 00:31:51.478[0;39m [32m- INFO[0;39m [35m15774[0;39m [2m---[0;39m [2m[           main][0;39m [36morg.hibernate.Version                   [0;39m [2m:[0;39m HHH000412: Hibernate ORM core version 6.1.7.Final
-[2m2023-05-17 00:31:51.577[0;39m [32m- INFO[0;39m [35m15774[0;39m [2m---[0;39m [2m[           main][0;39m [36mcom.zaxxer.hikari.HikariDataSource      [0;39m [2m:[0;39m bawarchiFoodCourt - Starting...
-[2m2023-05-17 00:31:51.661[0;39m [32m- INFO[0;39m [35m15774[0;39m [2m---[0;39m [2m[           main][0;39m [36mcom.zaxxer.hikari.pool.HikariPool       [0;39m [2m:[0;39m bawarchiFoodCourt - Added connection com.mysql.cj.jdbc.ConnectionImpl@46a388cc
-[2m2023-05-17 00:31:51.662[0;39m [32m- INFO[0;39m [35m15774[0;39m [2m---[0;39m [2m[           main][0;39m [36mcom.zaxxer.hikari.HikariDataSource      [0;39m [2m:[0;39m bawarchiFoodCourt - Start completed.
-[2m2023-05-17 00:31:51.688[0;39m [32m- INFO[0;39m [35m15774[0;39m [2m---[0;39m [2m[           main][0;39m [36mSQL dialect                             [0;39m [2m:[0;39m HHH000400: Using dialect: org.hibernate.dialect.MySQLDialect
-[2m2023-05-17 00:31:52.003[0;39m [32m- INFO[0;39m [35m15774[0;39m [2m---[0;39m [2m[           main][0;39m [36mo.h.e.t.j.p.i.JtaPlatformInitiator      [0;39m [2m:[0;39m HHH000490: Using JtaPlatform implementation: [org.hibernate.engine.transaction.jta.platform.internal.NoJtaPlatform]
-[2m2023-05-17 00:31:52.007[0;39m [32m- INFO[0;39m [35m15774[0;39m [2m---[0;39m [2m[           main][0;39m [36mj.LocalContainerEntityManagerFactoryBean[0;39m [2m:[0;39m Initialized JPA EntityManagerFactory for persistence unit 'default'
-[2m2023-05-17 00:31:52.736[0;39m [33m- WARN[0;39m [35m15774[0;39m [2m---[0;39m [2m[           main][0;39m [36mJpaBaseConfiguration$JpaWebConfiguration[0;39m [2m:[0;39m spring.jpa.open-in-view is enabled by default. Therefore, database queries may be performed during view rendering. Explicitly configure spring.jpa.open-in-view to disable this warning
-[2m2023-05-17 00:31:52.832[0;39m [32m- INFO[0;39m [35m15774[0;39m [2m---[0;39m [2m[           main][0;39m [36mo.s.s.web.DefaultSecurityFilterChain    [0;39m [2m:[0;39m Will secure any request with [org.springframework.security.web.session.DisableEncodeUrlFilter@6e6bd43b, org.springframework.security.web.context.request.async.WebAsyncManagerIntegrationFilter@4a532271, org.springframework.security.web.context.SecurityContextHolderFilter@4b3b2a4f, org.springframework.security.web.header.HeaderWriterFilter@6e70861, org.springframework.web.filter.CorsFilter@35b38986, org.springframework.security.web.authentication.logout.LogoutFilter@44103266, org.springframework.security.oauth2.server.resource.web.authentication.BearerTokenAuthenticationFilter@62f3ad90, org.springframework.security.web.savedrequest.RequestCacheAwareFilter@7a3f3bc4, org.springframework.security.web.servletapi.SecurityContextHolderAwareRequestFilter@427c2c96, org.springframework.security.web.authentication.AnonymousAuthenticationFilter@1c000c2f, org.springframework.security.web.session.SessionManagementFilter@56b66cc6, org.springframework.security.web.access.ExceptionTranslationFilter@35d62807, org.springframework.security.web.access.intercept.AuthorizationFilter@923bf67]
-[2m2023-05-17 00:31:52.915[0;39m [32m- INFO[0;39m [35m15774[0;39m [2m---[0;39m [2m[           main][0;39m [36mo.s.b.w.embedded.tomcat.TomcatWebServer [0;39m [2m:[0;39m Tomcat started on port(s): 9190 (http) with context path ''
-[2m2023-05-17 00:31:52.919[0;39m [32m- INFO[0;39m [35m15774[0;39m [2m---[0;39m [2m[           main][0;39m [36mc.e.b.BawarchiFoodCourtApplication      [0;39m [2m:[0;39m Started BawarchiFoodCourtApplication in 2.292 seconds (process running for 2.479)
-[2m2023-05-17 00:32:12.154[0;39m [32m- INFO[0;39m [35m15774[0;39m [2m---[0;39m [2m[nio-9190-exec-1][0;39m [36mo.a.c.c.C.[Tomcat].[localhost].[/]      [0;39m [2m:[0;39m Initializing Spring DispatcherServlet 'dispatcherServlet'
-[2m2023-05-17 00:32:12.154[0;39m [32m- INFO[0;39m [35m15774[0;39m [2m---[0;39m [2m[nio-9190-exec-1][0;39m [36mo.s.web.servlet.DispatcherServlet       [0;39m [2m:[0;39m Initializing Servlet 'dispatcherServlet'
-[2m2023-05-17 00:32:12.156[0;39m [32m- INFO[0;39m [35m15774[0;39m [2m---[0;39m [2m[nio-9190-exec-1][0;39m [36mo.s.web.servlet.DispatcherServlet       [0;39m [2m:[0;39m Completed initialization in 1 ms
-[2m2023-05-17 00:32:12.221[0;39m [32m- INFO[0;39m [35m15774[0;39m [2m---[0;39m [2m[nio-9190-exec-2][0;39m [36mc.e.b.Controller.SuperLoginController   [0;39m [2m:[0;39m Login API hit
-[2m2023-05-17 00:32:12.448[0;39m [31m-ERROR[0;39m [35m15774[0;39m [2m---[0;39m [2m[nio-9190-exec-2][0;39m [36mc.e.b.S.Auth.AuthenticationService      [0;39m [2m:[0;39m Invalid credentials
-[2m2023-05-17 00:32:12.448[0;39m [31m-ERROR[0;39m [35m15774[0;39m [2m---[0;39m [2m[nio-9190-exec-2][0;39m [36mc.e.b.Exception.ForbiddenException      [0;39m [2m:[0;39m Forbidden Access
-[2m2023-05-17 00:32:22.319[0;39m [32m- INFO[0;39m [35m15774[0;39m [2m---[0;39m [2m[nio-9190-exec-3][0;39m [36mc.e.b.Controller.SuperLoginController   [0;39m [2m:[0;39m Login API hit
-[2m2023-05-17 00:32:22.437[0;39m [31m-ERROR[0;39m [35m15774[0;39m [2m---[0;39m [2m[nio-9190-exec-3][0;39m [36mc.e.b.S.Auth.AuthenticationService      [0;39m [2m:[0;39m Invalid credentials
-[2m2023-05-17 00:32:22.437[0;39m [31m-ERROR[0;39m [35m15774[0;39m [2m---[0;39m [2m[nio-9190-exec-3][0;39m [36mc.e.b.Exception.ForbiddenException      [0;39m [2m:[0;39m Forbidden Access
-[2m2023-05-17 00:32:27.047[0;39m [32m- INFO[0;39m [35m15774[0;39m [2m---[0;39m [2m[nio-9190-exec-5][0;39m [36mc.e.b.Controller.SuperLoginController   [0;39m [2m:[0;39m Add superAdmin API hit
-[2m2023-05-17 00:32:48.131[0;39m [32m- INFO[0;39m [35m15774[0;39m [2m---[0;39m [2m[nio-9190-exec-6][0;39m [36mc.e.b.Controller.SuperLoginController   [0;39m [2m:[0;39m Login API hit
-[2m2023-05-17 00:32:48.286[0;39m [32m- INFO[0;39m [35m15774[0;39m [2m---[0;39m [2m[nio-9190-exec-9][0;39m [36mc.e.b.Controller.SuperAdminController   [0;39m [2m:[0;39m Fetch Food Court List api called
-[2m2023-05-17 00:32:48.307[0;39m [32m- INFO[0;39m [35m15774[0;39m [2m---[0;39m [2m[io-9190-exec-10][0;39m [36mc.e.b.Controller.SuperAdminController   [0;39m [2m:[0;39m Fetch Food Court List api called
-[2m2023-05-17 00:32:56.253[0;39m [32m- INFO[0;39m [35m15774[0;39m [2m---[0;39m [2m[nio-9190-exec-1][0;39m [36mc.e.b.Controller.SuperAdminController   [0;39m [2m:[0;39m Fetch Food Court List api called
-[2m2023-05-17 00:33:24.780[0;39m [32m- INFO[0;39m [35m15774[0;39m [2m---[0;39m [2m[nio-9190-exec-4][0;39m [36mc.e.b.Controller.SuperAdminController   [0;39m [2m:[0;39m Add FoodCourt API called
-[2m2023-05-17 00:33:24.946[0;39m [32m- INFO[0;39m [35m15774[0;39m [2m---[0;39m [2m[nio-9190-exec-3][0;39m [36mc.e.b.Controller.SuperAdminController   [0;39m [2m:[0;39m Fetch Food Court List api called
-[2m2023-05-17 00:33:31.342[0;39m [32m- INFO[0;39m [35m15774[0;39m [2m---[0;39m [2m[nio-9190-exec-6][0;39m [36mc.e.b.Controller.SuperAdminController   [0;39m [2m:[0;39m Fetch Food Court List api called
-[2m2023-05-17 00:33:56.823[0;39m [32m- INFO[0;39m [35m15774[0;39m [2m---[0;39m [2m[nio-9190-exec-8][0;39m [36mc.e.b.Controller.SuperAdminController   [0;39m [2m:[0;39m Add FoodCourt API called
-[2m2023-05-17 00:33:56.970[0;39m [32m- INFO[0;39m [35m15774[0;39m [2m---[0;39m [2m[nio-9190-exec-9][0;39m [36mc.e.b.Controller.SuperAdminController   [0;39m [2m:[0;39m Fetch Food Court List api called
-[2m2023-05-17 00:34:07.924[0;39m [32m- INFO[0;39m [35m15774[0;39m [2m---[0;39m [2m[io-9190-exec-10][0;39m [36mc.e.b.Controller.SuperLoginController   [0;39m [2m:[0;39m Login API hit
-[2m2023-05-17 00:34:08.083[0;39m [32m- INFO[0;39m [35m15774[0;39m [2m---[0;39m [2m[nio-9190-exec-4][0;39m [36mc.e.b.Controller.FoodCourtController    [0;39m [2m:[0;39m Fetch Restaurant List api called
-[2m2023-05-17 00:34:08.104[0;39m [32m- INFO[0;39m [35m15774[0;39m [2m---[0;39m [2m[nio-9190-exec-3][0;39m [36mc.e.b.Controller.FoodCourtController    [0;39m [2m:[0;39m Fetch Restaurant List api called
-[2m2023-05-17 00:34:55.279[0;39m [32m- INFO[0;39m [35m15774[0;39m [2m---[0;39m [2m[nio-9190-exec-5][0;39m [36mc.e.b.Controller.FoodCourtController    [0;39m [2m:[0;39m Fetch Restaurant List api called
-[2m2023-05-17 00:35:15.995[0;39m [32m- INFO[0;39m [35m15774[0;39m [2m---[0;39m [2m[nio-9190-exec-7][0;39m [36mc.e.b.Controller.FoodCourtController    [0;39m [2m:[0;39m Add Restaurant api called
-[2m2023-05-17 00:35:17.494[0;39m [32m- INFO[0;39m [35m15774[0;39m [2m---[0;39m [2m[nio-9190-exec-8][0;39m [36mc.e.b.Controller.FoodCourtController    [0;39m [2m:[0;39m Fetch Restaurant List api called
-[2m2023-05-17 00:35:21.340[0;39m [32m- INFO[0;39m [35m15774[0;39m [2m---[0;39m [2m[nio-9190-exec-9][0;39m [36mc.e.b.Controller.FoodCourtController    [0;39m [2m:[0;39m Fetch Restaurant List api called
-[2m2023-05-17 00:35:21.380[0;39m [32m- INFO[0;39m [35m15774[0;39m [2m---[0;39m [2m[io-9190-exec-10][0;39m [36mc.e.b.Controller.FoodCourtController    [0;39m [2m:[0;39m Fetch Restaurant List api called
-[2m2023-05-17 00:35:32.808[0;39m [32m- INFO[0;39m [35m15774[0;39m [2m---[0;39m [2m[nio-9190-exec-1][0;39m [36mc.e.b.Controller.FoodCourtController    [0;39m [2m:[0;39m Fetch Restaurant List api called
-[2m2023-05-17 00:36:32.298[0;39m [32m- INFO[0;39m [35m15774[0;39m [2m---[0;39m [2m[ionShutdownHook][0;39m [36mj.LocalContainerEntityManagerFactoryBean[0;39m [2m:[0;39m Closing JPA EntityManagerFactory for persistence unit 'default'
-[2m2023-05-17 00:36:32.299[0;39m [32m- INFO[0;39m [35m15774[0;39m [2m---[0;39m [2m[ionShutdownHook][0;39m [36mcom.zaxxer.hikari.HikariDataSource      [0;39m [2m:[0;39m bawarchiFoodCourt - Shutdown initiated...
-[2m2023-05-17 00:36:32.303[0;39m [32m- INFO[0;39m [35m15774[0;39m [2m---[0;39m [2m[ionShutdownHook][0;39m [36mcom.zaxxer.hikari.HikariDataSource      [0;39m [2m:[0;39m bawarchiFoodCourt - Shutdown completed.
-[2m2023-05-17 00:36:43.501[0;39m [32m- INFO[0;39m [35m16456[0;39m [2m---[0;39m [2m[           main][0;39m [36mc.e.b.BawarchiFoodCourtApplication      [0;39m [2m:[0;39m Starting BawarchiFoodCourtApplication using Java 17.0.6 with PID 16456 (/Users/gaurang/Development/Bawarchi/bawarchiFoodCourt/target/classes started by gaurang in /Users/gaurang/Development/Bawarchi/bawarchiFoodCourt)
-[2m2023-05-17 00:36:43.502[0;39m [32m- INFO[0;39m [35m16456[0;39m [2m---[0;39m [2m[           main][0;39m [36mc.e.b.BawarchiFoodCourtApplication      [0;39m [2m:[0;39m No active profile set, falling back to 1 default profile: "default"
-[2m2023-05-17 00:36:43.748[0;39m [32m- INFO[0;39m [35m16456[0;39m [2m---[0;39m [2m[           main][0;39m [36m.s.d.r.c.RepositoryConfigurationDelegate[0;39m [2m:[0;39m Bootstrapping Spring Data JPA repositories in DEFAULT mode.
-[2m2023-05-17 00:36:43.776[0;39m [32m- INFO[0;39m [35m16456[0;39m [2m---[0;39m [2m[           main][0;39m [36m.s.d.r.c.RepositoryConfigurationDelegate[0;39m [2m:[0;39m Finished Spring Data repository scanning in 24 ms. Found 3 JPA repository interfaces.
-[2m2023-05-17 00:36:43.991[0;39m [32m- INFO[0;39m [35m16456[0;39m [2m---[0;39m [2m[           main][0;39m [36mo.s.b.w.embedded.tomcat.TomcatWebServer [0;39m [2m:[0;39m Tomcat initialized with port(s): 9190 (http)
-[2m2023-05-17 00:36:43.995[0;39m [32m- INFO[0;39m [35m16456[0;39m [2m---[0;39m [2m[           main][0;39m [36mo.apache.catalina.core.StandardService  [0;39m [2m:[0;39m Starting service [Tomcat]
-[2m2023-05-17 00:36:43.995[0;39m [32m- INFO[0;39m [35m16456[0;39m [2m---[0;39m [2m[           main][0;39m [36mo.apache.catalina.core.StandardEngine   [0;39m [2m:[0;39m Starting Servlet engine: [Apache Tomcat/10.1.8]
-[2m2023-05-17 00:36:44.028[0;39m [32m- INFO[0;39m [35m16456[0;39m [2m---[0;39m [2m[           main][0;39m [36mo.a.c.c.C.[Tomcat].[localhost].[/]      [0;39m [2m:[0;39m Initializing Spring embedded WebApplicationContext
-[2m2023-05-17 00:36:44.028[0;39m [32m- INFO[0;39m [35m16456[0;39m [2m---[0;39m [2m[           main][0;39m [36mw.s.c.ServletWebServerApplicationContext[0;39m [2m:[0;39m Root WebApplicationContext: initialization completed in 512 ms
-[2m2023-05-17 00:36:44.089[0;39m [32m- INFO[0;39m [35m16456[0;39m [2m---[0;39m [2m[           main][0;39m [36mo.hibernate.jpa.internal.util.LogHelper [0;39m [2m:[0;39m HHH000204: Processing PersistenceUnitInfo [name: default]
-[2m2023-05-17 00:36:44.106[0;39m [32m- INFO[0;39m [35m16456[0;39m [2m---[0;39m [2m[           main][0;39m [36morg.hibernate.Version                   [0;39m [2m:[0;39m HHH000412: Hibernate ORM core version 6.1.7.Final
-[2m2023-05-17 00:36:44.204[0;39m [32m- INFO[0;39m [35m16456[0;39m [2m---[0;39m [2m[           main][0;39m [36mcom.zaxxer.hikari.HikariDataSource      [0;39m [2m:[0;39m bawarchiFoodCourt - Starting...
-[2m2023-05-17 00:36:44.281[0;39m [32m- INFO[0;39m [35m16456[0;39m [2m---[0;39m [2m[           main][0;39m [36mcom.zaxxer.hikari.pool.HikariPool       [0;39m [2m:[0;39m bawarchiFoodCourt - Added connection com.mysql.cj.jdbc.ConnectionImpl@308a9264
-[2m2023-05-17 00:36:44.281[0;39m [32m- INFO[0;39m [35m16456[0;39m [2m---[0;39m [2m[           main][0;39m [36mcom.zaxxer.hikari.HikariDataSource      [0;39m [2m:[0;39m bawarchiFoodCourt - Start completed.
-[2m2023-05-17 00:36:44.311[0;39m [32m- INFO[0;39m [35m16456[0;39m [2m---[0;39m [2m[           main][0;39m [36mSQL dialect                             [0;39m [2m:[0;39m HHH000400: Using dialect: org.hibernate.dialect.MySQLDialect
-[2m2023-05-17 00:36:44.674[0;39m [32m- INFO[0;39m [35m16456[0;39m [2m---[0;39m [2m[           main][0;39m [36mo.h.e.t.j.p.i.JtaPlatformInitiator      [0;39m [2m:[0;39m HHH000490: Using JtaPlatform implementation: [org.hibernate.engine.transaction.jta.platform.internal.NoJtaPlatform]
-[2m2023-05-17 00:36:44.678[0;39m [32m- INFO[0;39m [35m16456[0;39m [2m---[0;39m [2m[           main][0;39m [36mj.LocalContainerEntityManagerFactoryBean[0;39m [2m:[0;39m Initialized JPA EntityManagerFactory for persistence unit 'default'
-[2m2023-05-17 00:36:45.314[0;39m [33m- WARN[0;39m [35m16456[0;39m [2m---[0;39m [2m[           main][0;39m [36mJpaBaseConfiguration$JpaWebConfiguration[0;39m [2m:[0;39m spring.jpa.open-in-view is enabled by default. Therefore, database queries may be performed during view rendering. Explicitly configure spring.jpa.open-in-view to disable this warning
-[2m2023-05-17 00:36:45.411[0;39m [32m- INFO[0;39m [35m16456[0;39m [2m---[0;39m [2m[           main][0;39m [36mo.s.s.web.DefaultSecurityFilterChain    [0;39m [2m:[0;39m Will secure any request with [org.springframework.security.web.session.DisableEncodeUrlFilter@4b3b2a4f, org.springframework.security.web.context.request.async.WebAsyncManagerIntegrationFilter@2e8eafb2, org.springframework.security.web.context.SecurityContextHolderFilter@14764fdd, org.springframework.security.web.header.HeaderWriterFilter@377d55, org.springframework.web.filter.CorsFilter@7a3f3bc4, org.springframework.security.web.authentication.logout.LogoutFilter@44bd7f24, org.springframework.security.oauth2.server.resource.web.authentication.BearerTokenAuthenticationFilter@6f076c53, org.springframework.security.web.savedrequest.RequestCacheAwareFilter@69e8f7a5, org.springframework.security.web.servletapi.SecurityContextHolderAwareRequestFilter@26a004ed, org.springframework.security.web.authentication.AnonymousAuthenticationFilter@8cd2bb5, org.springframework.security.web.session.SessionManagementFilter@37fc7e3c, org.springframework.security.web.access.ExceptionTranslationFilter@dc24732, org.springframework.security.web.access.intercept.AuthorizationFilter@6fc03cf6]
-[2m2023-05-17 00:36:45.495[0;39m [32m- INFO[0;39m [35m16456[0;39m [2m---[0;39m [2m[           main][0;39m [36mo.s.b.w.embedded.tomcat.TomcatWebServer [0;39m [2m:[0;39m Tomcat started on port(s): 9190 (http) with context path ''
-[2m2023-05-17 00:36:45.499[0;39m [32m- INFO[0;39m [35m16456[0;39m [2m---[0;39m [2m[           main][0;39m [36mc.e.b.BawarchiFoodCourtApplication      [0;39m [2m:[0;39m Started BawarchiFoodCourtApplication in 2.255 seconds (process running for 2.649)
-[2m2023-05-17 00:36:50.095[0;39m [32m- INFO[0;39m [35m16456[0;39m [2m---[0;39m [2m[nio-9190-exec-1][0;39m [36mo.a.c.c.C.[Tomcat].[localhost].[/]      [0;39m [2m:[0;39m Initializing Spring DispatcherServlet 'dispatcherServlet'
-[2m2023-05-17 00:36:50.096[0;39m [32m- INFO[0;39m [35m16456[0;39m [2m---[0;39m [2m[nio-9190-exec-1][0;39m [36mo.s.web.servlet.DispatcherServlet       [0;39m [2m:[0;39m Initializing Servlet 'dispatcherServlet'
-[2m2023-05-17 00:36:50.096[0;39m [32m- INFO[0;39m [35m16456[0;39m [2m---[0;39m [2m[nio-9190-exec-1][0;39m [36mo.s.web.servlet.DispatcherServlet       [0;39m [2m:[0;39m Completed initialization in 0 ms
-[2m2023-05-17 00:37:09.930[0;39m [32m- INFO[0;39m [35m16456[0;39m [2m---[0;39m [2m[nio-9190-exec-5][0;39m [36mc.e.b.Controller.SuperLoginController   [0;39m [2m:[0;39m Login API hit
-[2m2023-05-17 00:37:10.193[0;39m [32m- INFO[0;39m [35m16456[0;39m [2m---[0;39m [2m[nio-9190-exec-6][0;39m [36mc.e.b.Controller.FoodCourtController    [0;39m [2m:[0;39m Fetch Restaurant List api called
-[2m2023-05-17 00:37:10.353[0;39m [32m- INFO[0;39m [35m16456[0;39m [2m---[0;39m [2m[nio-9190-exec-7][0;39m [36mc.e.b.Controller.FoodCourtController    [0;39m [2m:[0;39m Fetch Restaurant List api called
-[2m2023-05-17 00:37:15.001[0;39m [32m- INFO[0;39m [35m16456[0;39m [2m---[0;39m [2m[nio-9190-exec-8][0;39m [36mc.e.b.Controller.FoodCourtController    [0;39m [2m:[0;39m Fetch Restaurant List api called
-[2m2023-05-17 00:37:34.427[0;39m [32m- INFO[0;39m [35m16456[0;39m [2m---[0;39m [2m[nio-9190-exec-9][0;39m [36mc.e.b.Controller.FoodCourtController    [0;39m [2m:[0;39m Add Restaurant api called
-[2m2023-05-17 00:37:34.644[0;39m [32m- INFO[0;39m [35m16456[0;39m [2m---[0;39m [2m[io-9190-exec-10][0;39m [36mc.e.b.Controller.FoodCourtController    [0;39m [2m:[0;39m Fetch Restaurant List api called
-[2m2023-05-17 00:37:41.739[0;39m [32m- INFO[0;39m [35m16456[0;39m [2m---[0;39m [2m[nio-9190-exec-1][0;39m [36mc.e.b.Controller.FoodCourtController    [0;39m [2m:[0;39m Fetch Restaurant List api called
-[2m2023-05-17 00:37:59.968[0;39m [32m- INFO[0;39m [35m16456[0;39m [2m---[0;39m [2m[nio-9190-exec-2][0;39m [36mc.e.b.Controller.FoodCourtController    [0;39m [2m:[0;39m Add Restaurant api called
-[2m2023-05-17 00:38:00.131[0;39m [32m- INFO[0;39m [35m16456[0;39m [2m---[0;39m [2m[nio-9190-exec-3][0;39m [36mc.e.b.Controller.FoodCourtController    [0;39m [2m:[0;39m Fetch Restaurant List api called
-[2m2023-05-17 00:39:56.725[0;39m [32m- INFO[0;39m [35m16456[0;39m [2m---[0;39m [2m[nio-9190-exec-6][0;39m [36mc.e.b.Controller.SuperLoginController   [0;39m [2m:[0;39m Login API hit
-[2m2023-05-17 00:39:56.864[0;39m [31m-ERROR[0;39m [35m16456[0;39m [2m---[0;39m [2m[nio-9190-exec-6][0;39m [36mc.e.b.S.Auth.AuthenticationService      [0;39m [2m:[0;39m Invalid credentials
-[2m2023-05-17 00:39:56.865[0;39m [31m-ERROR[0;39m [35m16456[0;39m [2m---[0;39m [2m[nio-9190-exec-6][0;39m [36mc.e.b.Exception.ForbiddenException      [0;39m [2m:[0;39m Forbidden Access
-[2m2023-05-17 00:43:24.401[0;39m [32m- INFO[0;39m [35m16456[0;39m [2m---[0;39m [2m[ionShutdownHook][0;39m [36mj.LocalContainerEntityManagerFactoryBean[0;39m [2m:[0;39m Closing JPA EntityManagerFactory for persistence unit 'default'
-[2m2023-05-17 00:43:24.403[0;39m [32m- INFO[0;39m [35m16456[0;39m [2m---[0;39m [2m[ionShutdownHook][0;39m [36mcom.zaxxer.hikari.HikariDataSource      [0;39m [2m:[0;39m bawarchiFoodCourt - Shutdown initiated...
-[2m2023-05-17 00:43:24.407[0;39m [32m- INFO[0;39m [35m16456[0;39m [2m---[0;39m [2m[ionShutdownHook][0;39m [36mcom.zaxxer.hikari.HikariDataSource      [0;39m [2m:[0;39m bawarchiFoodCourt - Shutdown completed.
-[2m2023-05-17 13:15:04.764[0;39m [32m- INFO[0;39m [35m1929[0;39m [2m---[0;39m [2m[           main][0;39m [36mc.e.b.BawarchiFoodCourtApplication      [0;39m [2m:[0;39m Starting BawarchiFoodCourtApplication using Java 17.0.6 with PID 1929 (/Users/gaurang/Development/Bawarchi/bawarchiFoodCourt/target/classes started by gaurang in /Users/gaurang/Development/Bawarchi/bawarchiFoodCourt)
-[2m2023-05-17 13:15:04.765[0;39m [32m- INFO[0;39m [35m1929[0;39m [2m---[0;39m [2m[           main][0;39m [36mc.e.b.BawarchiFoodCourtApplication      [0;39m [2m:[0;39m No active profile set, falling back to 1 default profile: "default"
-[2m2023-05-17 13:15:05.052[0;39m [32m- INFO[0;39m [35m1929[0;39m [2m---[0;39m [2m[           main][0;39m [36m.s.d.r.c.RepositoryConfigurationDelegate[0;39m [2m:[0;39m Bootstrapping Spring Data JPA repositories in DEFAULT mode.
-[2m2023-05-17 13:15:05.082[0;39m [32m- INFO[0;39m [35m1929[0;39m [2m---[0;39m [2m[           main][0;39m [36m.s.d.r.c.RepositoryConfigurationDelegate[0;39m [2m:[0;39m Finished Spring Data repository scanning in 26 ms. Found 3 JPA repository interfaces.
-[2m2023-05-17 13:15:05.336[0;39m [32m- INFO[0;39m [35m1929[0;39m [2m---[0;39m [2m[           main][0;39m [36mo.s.b.w.embedded.tomcat.TomcatWebServer [0;39m [2m:[0;39m Tomcat initialized with port(s): 9190 (http)
-[2m2023-05-17 13:15:05.340[0;39m [32m- INFO[0;39m [35m1929[0;39m [2m---[0;39m [2m[           main][0;39m [36mo.apache.catalina.core.StandardService  [0;39m [2m:[0;39m Starting service [Tomcat]
-[2m2023-05-17 13:15:05.340[0;39m [32m- INFO[0;39m [35m1929[0;39m [2m---[0;39m [2m[           main][0;39m [36mo.apache.catalina.core.StandardEngine   [0;39m [2m:[0;39m Starting Servlet engine: [Apache Tomcat/10.1.8]
-[2m2023-05-17 13:15:05.375[0;39m [32m- INFO[0;39m [35m1929[0;39m [2m---[0;39m [2m[           main][0;39m [36mo.a.c.c.C.[Tomcat].[localhost].[/]      [0;39m [2m:[0;39m Initializing Spring embedded WebApplicationContext
-[2m2023-05-17 13:15:05.375[0;39m [32m- INFO[0;39m [35m1929[0;39m [2m---[0;39m [2m[           main][0;39m [36mw.s.c.ServletWebServerApplicationContext[0;39m [2m:[0;39m Root WebApplicationContext: initialization completed in 594 ms
-[2m2023-05-17 13:15:05.438[0;39m [32m- INFO[0;39m [35m1929[0;39m [2m---[0;39m [2m[           main][0;39m [36mo.hibernate.jpa.internal.util.LogHelper [0;39m [2m:[0;39m HHH000204: Processing PersistenceUnitInfo [name: default]
-[2m2023-05-17 13:15:05.461[0;39m [32m- INFO[0;39m [35m1929[0;39m [2m---[0;39m [2m[           main][0;39m [36morg.hibernate.Version                   [0;39m [2m:[0;39m HHH000412: Hibernate ORM core version 6.1.7.Final
-[2m2023-05-17 13:15:05.573[0;39m [32m- INFO[0;39m [35m1929[0;39m [2m---[0;39m [2m[           main][0;39m [36mcom.zaxxer.hikari.HikariDataSource      [0;39m [2m:[0;39m bawarchiFoodCourt - Starting...
-[2m2023-05-17 13:15:05.693[0;39m [32m- INFO[0;39m [35m1929[0;39m [2m---[0;39m [2m[           main][0;39m [36mcom.zaxxer.hikari.pool.HikariPool       [0;39m [2m:[0;39m bawarchiFoodCourt - Added connection com.mysql.cj.jdbc.ConnectionImpl@7db162f2
-[2m2023-05-17 13:15:05.693[0;39m [32m- INFO[0;39m [35m1929[0;39m [2m---[0;39m [2m[           main][0;39m [36mcom.zaxxer.hikari.HikariDataSource      [0;39m [2m:[0;39m bawarchiFoodCourt - Start completed.
-[2m2023-05-17 13:15:05.716[0;39m [32m- INFO[0;39m [35m1929[0;39m [2m---[0;39m [2m[           main][0;39m [36mSQL dialect                             [0;39m [2m:[0;39m HHH000400: Using dialect: org.hibernate.dialect.MySQLDialect
-[2m2023-05-17 13:15:06.201[0;39m [32m- INFO[0;39m [35m1929[0;39m [2m---[0;39m [2m[           main][0;39m [36mo.h.e.t.j.p.i.JtaPlatformInitiator      [0;39m [2m:[0;39m HHH000490: Using JtaPlatform implementation: [org.hibernate.engine.transaction.jta.platform.internal.NoJtaPlatform]
-[2m2023-05-17 13:15:06.205[0;39m [32m- INFO[0;39m [35m1929[0;39m [2m---[0;39m [2m[           main][0;39m [36mj.LocalContainerEntityManagerFactoryBean[0;39m [2m:[0;39m Initialized JPA EntityManagerFactory for persistence unit 'default'
-[2m2023-05-17 13:15:06.918[0;39m [33m- WARN[0;39m [35m1929[0;39m [2m---[0;39m [2m[           main][0;39m [36mJpaBaseConfiguration$JpaWebConfiguration[0;39m [2m:[0;39m spring.jpa.open-in-view is enabled by default. Therefore, database queries may be performed during view rendering. Explicitly configure spring.jpa.open-in-view to disable this warning
-[2m2023-05-17 13:15:07.025[0;39m [32m- INFO[0;39m [35m1929[0;39m [2m---[0;39m [2m[           main][0;39m [36mo.s.s.web.DefaultSecurityFilterChain    [0;39m [2m:[0;39m Will secure any request with [org.springframework.security.web.session.DisableEncodeUrlFilter@1a3611b1, org.springframework.security.web.context.request.async.WebAsyncManagerIntegrationFilter@419ece7a, org.springframework.security.web.context.SecurityContextHolderFilter@36bd07ec, org.springframework.security.web.header.HeaderWriterFilter@6c0bf8f4, org.springframework.web.filter.CorsFilter@427c2c96, org.springframework.security.web.authentication.logout.LogoutFilter@689fcf08, org.springframework.security.oauth2.server.resource.web.authentication.BearerTokenAuthenticationFilter@7a3f3bc4, org.springframework.security.web.savedrequest.RequestCacheAwareFilter@26a004ed, org.springframework.security.web.servletapi.SecurityContextHolderAwareRequestFilter@7e484bd, org.springframework.security.web.authentication.AnonymousAuthenticationFilter@238d27ef, org.springframework.security.web.session.SessionManagementFilter@402fdef1, org.springframework.security.web.access.ExceptionTranslationFilter@1ef7e4c7, org.springframework.security.web.access.intercept.AuthorizationFilter@3514df8d]
-[2m2023-05-17 13:15:07.109[0;39m [32m- INFO[0;39m [35m1929[0;39m [2m---[0;39m [2m[           main][0;39m [36mo.s.b.w.embedded.tomcat.TomcatWebServer [0;39m [2m:[0;39m Tomcat started on port(s): 9190 (http) with context path ''
-[2m2023-05-17 13:15:07.113[0;39m [32m- INFO[0;39m [35m1929[0;39m [2m---[0;39m [2m[           main][0;39m [36mc.e.b.BawarchiFoodCourtApplication      [0;39m [2m:[0;39m Started BawarchiFoodCourtApplication in 2.769 seconds (process running for 3.213)
-[2m2023-05-17 13:20:55.654[0;39m [32m- INFO[0;39m [35m1929[0;39m [2m---[0;39m [2m[nio-9190-exec-2][0;39m [36mo.a.c.c.C.[Tomcat].[localhost].[/]      [0;39m [2m:[0;39m Initializing Spring DispatcherServlet 'dispatcherServlet'
-[2m2023-05-17 13:20:55.655[0;39m [32m- INFO[0;39m [35m1929[0;39m [2m---[0;39m [2m[nio-9190-exec-2][0;39m [36mo.s.web.servlet.DispatcherServlet       [0;39m [2m:[0;39m Initializing Servlet 'dispatcherServlet'
-[2m2023-05-17 13:20:55.657[0;39m [32m- INFO[0;39m [35m1929[0;39m [2m---[0;39m [2m[nio-9190-exec-2][0;39m [36mo.s.web.servlet.DispatcherServlet       [0;39m [2m:[0;39m Completed initialization in 2 ms
-[2m2023-05-17 13:20:55.724[0;39m [32m- INFO[0;39m [35m1929[0;39m [2m---[0;39m [2m[nio-9190-exec-2][0;39m [36mc.e.b.Controller.SuperLoginController   [0;39m [2m:[0;39m Add superAdmin API hit
-[2m2023-05-17 13:24:05.285[0;39m [33m- WARN[0;39m [35m1929[0;39m [2m---[0;39m [2m[urt housekeeper][0;39m [36mcom.zaxxer.hikari.pool.HikariPool       [0;39m [2m:[0;39m bawarchiFoodCourt - Retrograde clock change detected (housekeeper delta=29s422ms), soft-evicting connections from pool.
-[2m2023-05-17 13:25:30.232[0;39m [32m- INFO[0;39m [35m1929[0;39m [2m---[0;39m [2m[nio-9190-exec-5][0;39m [36mc.e.b.Controller.SuperLoginController   [0;39m [2m:[0;39m Login API hit
-[2m2023-05-17 13:25:30.490[0;39m [32m- INFO[0;39m [35m1929[0;39m [2m---[0;39m [2m[nio-9190-exec-8][0;39m [36mc.e.b.Controller.SuperAdminController   [0;39m [2m:[0;39m Fetch Food Court List api called
-[2m2023-05-17 13:25:30.512[0;39m [32m- INFO[0;39m [35m1929[0;39m [2m---[0;39m [2m[nio-9190-exec-9][0;39m [36mc.e.b.Controller.SuperAdminController   [0;39m [2m:[0;39m Fetch Food Court List api called
-[2m2023-05-17 13:25:34.725[0;39m [32m- INFO[0;39m [35m1929[0;39m [2m---[0;39m [2m[io-9190-exec-10][0;39m [36mc.e.b.Controller.SuperAdminController   [0;39m [2m:[0;39m Fetch Food Court List api called
-[2m2023-05-17 13:25:48.613[0;39m [32m- INFO[0;39m [35m1929[0;39m [2m---[0;39m [2m[nio-9190-exec-2][0;39m [36mc.e.b.Controller.SuperAdminController   [0;39m [2m:[0;39m Add FoodCourt API called
-[2m2023-05-17 13:25:48.759[0;39m [32m- INFO[0;39m [35m1929[0;39m [2m---[0;39m [2m[nio-9190-exec-3][0;39m [36mc.e.b.Controller.SuperAdminController   [0;39m [2m:[0;39m Fetch Food Court List api called
-[2m2023-05-17 13:25:51.729[0;39m [32m- INFO[0;39m [35m1929[0;39m [2m---[0;39m [2m[nio-9190-exec-4][0;39m [36mc.e.b.Controller.SuperAdminController   [0;39m [2m:[0;39m Fetch Food Court List api called
-[2m2023-05-17 13:26:07.228[0;39m [32m- INFO[0;39m [35m1929[0;39m [2m---[0;39m [2m[nio-9190-exec-5][0;39m [36mc.e.b.Controller.SuperAdminController   [0;39m [2m:[0;39m Add FoodCourt API called
-[2m2023-05-17 13:26:07.396[0;39m [32m- INFO[0;39m [35m1929[0;39m [2m---[0;39m [2m[nio-9190-exec-6][0;39m [36mc.e.b.Controller.SuperAdminController   [0;39m [2m:[0;39m Fetch Food Court List api called
-[2m2023-05-17 13:26:24.932[0;39m [32m- INFO[0;39m [35m1929[0;39m [2m---[0;39m [2m[nio-9190-exec-8][0;39m [36mc.e.b.Controller.SuperLoginController   [0;39m [2m:[0;39m Login API hit
-[2m2023-05-17 13:26:25.100[0;39m [32m- INFO[0;39m [35m1929[0;39m [2m---[0;39m [2m[nio-9190-exec-1][0;39m [36mc.e.b.Controller.FoodCourtController    [0;39m [2m:[0;39m Fetch Restaurant List api called
-[2m2023-05-17 13:26:25.316[0;39m [32m- INFO[0;39m [35m1929[0;39m [2m---[0;39m [2m[nio-9190-exec-2][0;39m [36mc.e.b.Controller.FoodCourtController    [0;39m [2m:[0;39m Fetch Restaurant List api called
-[2m2023-05-17 13:26:26.550[0;39m [32m- INFO[0;39m [35m1929[0;39m [2m---[0;39m [2m[nio-9190-exec-3][0;39m [36mc.e.b.Controller.FoodCourtController    [0;39m [2m:[0;39m Fetch Restaurant List api called
-[2m2023-05-17 13:26:37.250[0;39m [32m- INFO[0;39m [35m1929[0;39m [2m---[0;39m [2m[nio-9190-exec-5][0;39m [36mc.e.b.Controller.FoodCourtController    [0;39m [2m:[0;39m Add Restaurant api called
-[2m2023-05-17 13:26:37.444[0;39m [32m- INFO[0;39m [35m1929[0;39m [2m---[0;39m [2m[nio-9190-exec-6][0;39m [36mc.e.b.Controller.FoodCourtController    [0;39m [2m:[0;39m Fetch Restaurant List api called
-[2m2023-05-17 13:26:38.959[0;39m [32m- INFO[0;39m [35m1929[0;39m [2m---[0;39m [2m[nio-9190-exec-7][0;39m [36mc.e.b.Controller.FoodCourtController    [0;39m [2m:[0;39m Fetch Restaurant List api called
-[2m2023-05-17 13:27:03.562[0;39m [32m- INFO[0;39m [35m1929[0;39m [2m---[0;39m [2m[nio-9190-exec-8][0;39m [36mc.e.b.Controller.FoodCourtController    [0;39m [2m:[0;39m Add Restaurant api called
-[2m2023-05-17 13:27:03.710[0;39m [32m- INFO[0;39m [35m1929[0;39m [2m---[0;39m [2m[nio-9190-exec-9][0;39m [36mc.e.b.Controller.FoodCourtController    [0;39m [2m:[0;39m Fetch Restaurant List api called
-[2m2023-05-17 13:36:12.175[0;39m [32m- INFO[0;39m [35m1929[0;39m [2m---[0;39m [2m[ionShutdownHook][0;39m [36mj.LocalContainerEntityManagerFactoryBean[0;39m [2m:[0;39m Closing JPA EntityManagerFactory for persistence unit 'default'
-[2m2023-05-17 13:36:12.180[0;39m [32m- INFO[0;39m [35m1929[0;39m [2m---[0;39m [2m[ionShutdownHook][0;39m [36mcom.zaxxer.hikari.HikariDataSource      [0;39m [2m:[0;39m bawarchiFoodCourt - Shutdown initiated...
-[2m2023-05-17 13:36:12.184[0;39m [32m- INFO[0;39m [35m1929[0;39m [2m---[0;39m [2m[ionShutdownHook][0;39m [36mcom.zaxxer.hikari.HikariDataSource      [0;39m [2m:[0;39m bawarchiFoodCourt - Shutdown completed.
-[2m2023-05-17 13:49:10.025[0;39m [32m- INFO[0;39m [35m6020[0;39m [2m---[0;39m [2m[           main][0;39m [36mc.e.b.BawarchiFoodCourtApplication      [0;39m [2m:[0;39m Starting BawarchiFoodCourtApplication using Java 17.0.6 with PID 6020 (/Users/gaurang/Development/Bawarchi/bawarchiFoodCourt/target/classes started by gaurang in /Users/gaurang/Development/Bawarchi/bawarchiFoodCourt)
-[2m2023-05-17 13:49:10.026[0;39m [32m- INFO[0;39m [35m6020[0;39m [2m---[0;39m [2m[           main][0;39m [36mc.e.b.BawarchiFoodCourtApplication      [0;39m [2m:[0;39m No active profile set, falling back to 1 default profile: "default"
-[2m2023-05-17 13:49:10.290[0;39m [32m- INFO[0;39m [35m6020[0;39m [2m---[0;39m [2m[           main][0;39m [36m.s.d.r.c.RepositoryConfigurationDelegate[0;39m [2m:[0;39m Bootstrapping Spring Data JPA repositories in DEFAULT mode.
-[2m2023-05-17 13:49:10.319[0;39m [32m- INFO[0;39m [35m6020[0;39m [2m---[0;39m [2m[           main][0;39m [36m.s.d.r.c.RepositoryConfigurationDelegate[0;39m [2m:[0;39m Finished Spring Data repository scanning in 25 ms. Found 3 JPA repository interfaces.
-[2m2023-05-17 13:49:10.552[0;39m [32m- INFO[0;39m [35m6020[0;39m [2m---[0;39m [2m[           main][0;39m [36mo.s.b.w.embedded.tomcat.TomcatWebServer [0;39m [2m:[0;39m Tomcat initialized with port(s): 9190 (http)
-[2m2023-05-17 13:49:10.556[0;39m [32m- INFO[0;39m [35m6020[0;39m [2m---[0;39m [2m[           main][0;39m [36mo.apache.catalina.core.StandardService  [0;39m [2m:[0;39m Starting service [Tomcat]
-[2m2023-05-17 13:49:10.556[0;39m [32m- INFO[0;39m [35m6020[0;39m [2m---[0;39m [2m[           main][0;39m [36mo.apache.catalina.core.StandardEngine   [0;39m [2m:[0;39m Starting Servlet engine: [Apache Tomcat/10.1.8]
-[2m2023-05-17 13:49:10.596[0;39m [32m- INFO[0;39m [35m6020[0;39m [2m---[0;39m [2m[           main][0;39m [36mo.a.c.c.C.[Tomcat].[localhost].[/]      [0;39m [2m:[0;39m Initializing Spring embedded WebApplicationContext
-[2m2023-05-17 13:49:10.597[0;39m [32m- INFO[0;39m [35m6020[0;39m [2m---[0;39m [2m[           main][0;39m [36mw.s.c.ServletWebServerApplicationContext[0;39m [2m:[0;39m Root WebApplicationContext: initialization completed in 558 ms
-[2m2023-05-17 13:49:10.656[0;39m [32m- INFO[0;39m [35m6020[0;39m [2m---[0;39m [2m[           main][0;39m [36mo.hibernate.jpa.internal.util.LogHelper [0;39m [2m:[0;39m HHH000204: Processing PersistenceUnitInfo [name: default]
-[2m2023-05-17 13:49:10.677[0;39m [32m- INFO[0;39m [35m6020[0;39m [2m---[0;39m [2m[           main][0;39m [36morg.hibernate.Version                   [0;39m [2m:[0;39m HHH000412: Hibernate ORM core version 6.1.7.Final
-[2m2023-05-17 13:49:10.787[0;39m [32m- INFO[0;39m [35m6020[0;39m [2m---[0;39m [2m[           main][0;39m [36mcom.zaxxer.hikari.HikariDataSource      [0;39m [2m:[0;39m bawarchiFoodCourt - Starting...
-[2m2023-05-17 13:49:10.872[0;39m [32m- INFO[0;39m [35m6020[0;39m [2m---[0;39m [2m[           main][0;39m [36mcom.zaxxer.hikari.pool.HikariPool       [0;39m [2m:[0;39m bawarchiFoodCourt - Added connection com.mysql.cj.jdbc.ConnectionImpl@46894dc5
-[2m2023-05-17 13:49:10.873[0;39m [32m- INFO[0;39m [35m6020[0;39m [2m---[0;39m [2m[           main][0;39m [36mcom.zaxxer.hikari.HikariDataSource      [0;39m [2m:[0;39m bawarchiFoodCourt - Start completed.
-[2m2023-05-17 13:49:10.906[0;39m [32m- INFO[0;39m [35m6020[0;39m [2m---[0;39m [2m[           main][0;39m [36mSQL dialect                             [0;39m [2m:[0;39m HHH000400: Using dialect: org.hibernate.dialect.MySQLDialect
-[2m2023-05-17 13:49:11.271[0;39m [32m- INFO[0;39m [35m6020[0;39m [2m---[0;39m [2m[           main][0;39m [36mo.h.e.t.j.p.i.JtaPlatformInitiator      [0;39m [2m:[0;39m HHH000490: Using JtaPlatform implementation: [org.hibernate.engine.transaction.jta.platform.internal.NoJtaPlatform]
-[2m2023-05-17 13:49:11.276[0;39m [32m- INFO[0;39m [35m6020[0;39m [2m---[0;39m [2m[           main][0;39m [36mj.LocalContainerEntityManagerFactoryBean[0;39m [2m:[0;39m Initialized JPA EntityManagerFactory for persistence unit 'default'
-[2m2023-05-17 13:49:13.021[0;39m [33m- WARN[0;39m [35m6020[0;39m [2m---[0;39m [2m[           main][0;39m [36mJpaBaseConfiguration$JpaWebConfiguration[0;39m [2m:[0;39m spring.jpa.open-in-view is enabled by default. Therefore, database queries may be performed during view rendering. Explicitly configure spring.jpa.open-in-view to disable this warning
-[2m2023-05-17 13:49:13.122[0;39m [32m- INFO[0;39m [35m6020[0;39m [2m---[0;39m [2m[           main][0;39m [36mo.s.s.web.DefaultSecurityFilterChain    [0;39m [2m:[0;39m Will secure any request with [org.springframework.security.web.session.DisableEncodeUrlFilter@2f2a5064, org.springframework.security.web.context.request.async.WebAsyncManagerIntegrationFilter@43a72f0f, org.springframework.security.web.context.SecurityContextHolderFilter@495e1ad1, org.springframework.security.web.header.HeaderWriterFilter@1454339d, org.springframework.web.filter.CorsFilter@6fe33512, org.springframework.security.web.authentication.logout.LogoutFilter@5bc44d78, org.springframework.security.oauth2.server.resource.web.authentication.BearerTokenAuthenticationFilter@6ff87203, org.springframework.security.web.savedrequest.RequestCacheAwareFilter@eef6e, org.springframework.security.web.servletapi.SecurityContextHolderAwareRequestFilter@4b3b2a4f, org.springframework.security.web.authentication.AnonymousAuthenticationFilter@1fa77770, org.springframework.security.web.session.SessionManagementFilter@1be3e952, org.springframework.security.web.access.ExceptionTranslationFilter@7bc3c59f, org.springframework.security.web.access.intercept.AuthorizationFilter@22c0c0bc]
-[2m2023-05-17 13:49:13.204[0;39m [32m- INFO[0;39m [35m6020[0;39m [2m---[0;39m [2m[           main][0;39m [36mo.s.b.w.embedded.tomcat.TomcatWebServer [0;39m [2m:[0;39m Tomcat started on port(s): 9190 (http) with context path ''
-[2m2023-05-17 13:49:13.209[0;39m [32m- INFO[0;39m [35m6020[0;39m [2m---[0;39m [2m[           main][0;39m [36mc.e.b.BawarchiFoodCourtApplication      [0;39m [2m:[0;39m Started BawarchiFoodCourtApplication in 3.474 seconds (process running for 3.896)
-[2m2023-05-17 13:49:41.307[0;39m [32m- INFO[0;39m [35m6020[0;39m [2m---[0;39m [2m[nio-9190-exec-2][0;39m [36mo.a.c.c.C.[Tomcat].[localhost].[/]      [0;39m [2m:[0;39m Initializing Spring DispatcherServlet 'dispatcherServlet'
-[2m2023-05-17 13:49:41.308[0;39m [32m- INFO[0;39m [35m6020[0;39m [2m---[0;39m [2m[nio-9190-exec-2][0;39m [36mo.s.web.servlet.DispatcherServlet       [0;39m [2m:[0;39m Initializing Servlet 'dispatcherServlet'
-[2m2023-05-17 13:49:41.310[0;39m [32m- INFO[0;39m [35m6020[0;39m [2m---[0;39m [2m[nio-9190-exec-2][0;39m [36mo.s.web.servlet.DispatcherServlet       [0;39m [2m:[0;39m Completed initialization in 1 ms
-[2m2023-05-17 13:58:40.888[0;39m [33m- WARN[0;39m [35m6020[0;39m [2m---[0;39m [2m[urt housekeeper][0;39m [36mcom.zaxxer.hikari.pool.HikariPool       [0;39m [2m:[0;39m bawarchiFoodCourt - Retrograde clock change detected (housekeeper delta=29s859ms), soft-evicting connections from pool.
-[2m2023-05-17 14:14:10.830[0;39m [33m- WARN[0;39m [35m6020[0;39m [2m---[0;39m [2m[urt housekeeper][0;39m [36mcom.zaxxer.hikari.pool.HikariPool       [0;39m [2m:[0;39m bawarchiFoodCourt - Retrograde clock change detected (housekeeper delta=29s830ms), soft-evicting connections from pool.
-[2m2023-05-17 14:36:54.248[0;39m [32m- INFO[0;39m [35m6020[0;39m [2m---[0;39m [2m[nio-9190-exec-4][0;39m [36mc.e.b.Controller.SuperLoginController   [0;39m [2m:[0;39m Login API hit
-[2m2023-05-17 14:36:54.557[0;39m [32m- INFO[0;39m [35m6020[0;39m [2m---[0;39m [2m[nio-9190-exec-7][0;39m [36mc.e.b.Controller.SuperAdminController   [0;39m [2m:[0;39m Fetch Food Court List api called
-[2m2023-05-17 14:36:54.584[0;39m [32m- INFO[0;39m [35m6020[0;39m [2m---[0;39m [2m[nio-9190-exec-8][0;39m [36mc.e.b.Controller.SuperAdminController   [0;39m [2m:[0;39m Fetch Food Court List api called
-[2m2023-05-17 14:36:59.756[0;39m [32m- INFO[0;39m [35m6020[0;39m [2m---[0;39m [2m[nio-9190-exec-9][0;39m [36mc.e.b.Controller.SuperAdminController   [0;39m [2m:[0;39m Fetch Food Court List api called
-[2m2023-05-17 14:37:01.513[0;39m [32m- INFO[0;39m [35m6020[0;39m [2m---[0;39m [2m[io-9190-exec-10][0;39m [36mc.e.b.Controller.SuperAdminController   [0;39m [2m:[0;39m Fetch Food Court List api called
-[2m2023-05-17 14:37:15.773[0;39m [32m- INFO[0;39m [35m6020[0;39m [2m---[0;39m [2m[nio-9190-exec-1][0;39m [36mc.e.b.Controller.SuperLoginController   [0;39m [2m:[0;39m Login API hit
-[2m2023-05-17 14:37:15.924[0;39m [32m- INFO[0;39m [35m6020[0;39m [2m---[0;39m [2m[nio-9190-exec-4][0;39m [36mc.e.b.Controller.FoodCourtController    [0;39m [2m:[0;39m Fetch Restaurant List api called
-[2m2023-05-17 14:37:16.091[0;39m [32m- INFO[0;39m [35m6020[0;39m [2m---[0;39m [2m[nio-9190-exec-5][0;39m [36mc.e.b.Controller.FoodCourtController    [0;39m [2m:[0;39m Fetch Restaurant List api called
-[2m2023-05-17 15:09:43.209[0;39m [32m- INFO[0;39m [35m6020[0;39m [2m---[0;39m [2m[nio-9190-exec-9][0;39m [36mc.e.b.Controller.SuperLoginController   [0;39m [2m:[0;39m Login API hit
-[2m2023-05-17 15:09:43.321[0;39m [31m-ERROR[0;39m [35m6020[0;39m [2m---[0;39m [2m[nio-9190-exec-9][0;39m [36mc.e.b.S.Auth.AuthenticationService      [0;39m [2m:[0;39m Invalid credentials
-[2m2023-05-17 15:09:43.322[0;39m [31m-ERROR[0;39m [35m6020[0;39m [2m---[0;39m [2m[nio-9190-exec-9][0;39m [36mc.e.b.Exception.ForbiddenException      [0;39m [2m:[0;39m Forbidden Access
-[2m2023-05-17 15:10:07.481[0;39m [32m- INFO[0;39m [35m6020[0;39m [2m---[0;39m [2m[ionShutdownHook][0;39m [36mj.LocalContainerEntityManagerFactoryBean[0;39m [2m:[0;39m Closing JPA EntityManagerFactory for persistence unit 'default'
-[2m2023-05-17 15:10:07.484[0;39m [32m- INFO[0;39m [35m6020[0;39m [2m---[0;39m [2m[ionShutdownHook][0;39m [36mcom.zaxxer.hikari.HikariDataSource      [0;39m [2m:[0;39m bawarchiFoodCourt - Shutdown initiated...
-[2m2023-05-17 15:10:07.485[0;39m [32m- INFO[0;39m [35m6020[0;39m [2m---[0;39m [2m[ionShutdownHook][0;39m [36mcom.zaxxer.hikari.HikariDataSource      [0;39m [2m:[0;39m bawarchiFoodCourt - Shutdown completed.
-